<?xml version="1.0" encoding="UTF-8"?>
<testng-results ignored="0" total="2" passed="2" failed="0" skipped="0">
  <reporter-output>
  </reporter-output>
  <suite started-at="2026-04-09T10:54:38 IST" name="Surefire suite" finished-at="2026-04-09T10:54:55 IST" duration-ms="16740">
    <groups>
    </groups>
    <test started-at="2026-04-09T10:54:38 IST" name="Surefire test" finished-at="2026-04-09T10:54:55 IST" duration-ms="16740">
      <class name="tests.LoginTest">
        <test-method is-config="true" signature="setup()[pri:0, instance:tests.LoginTest@1f3f4916]" started-at="2026-04-09T10:54:39 IST" name="setup" finished-at="2026-04-09T10:54:49 IST" duration-ms="10375" status="PASS">
          <reporter-output>
          </reporter-output>
        </test-method> <!-- setup -->
        <test-method signature="loginTest(java.lang.String,java.lang.String)[pri:0, instance:tests.LoginTest@1f3f4916]" started-at="2026-04-09T10:54:49 IST" name="loginTest" data-provider="loginData" finished-at="2026-04-09T10:54:49 IST" duration-ms="254" status="PASS">
          <params>
            <param index="0">
              <value>
                <![CDATA[tomsmith]]>
              </value>
            </param>
            <param index="1">
              <value>
                <![CDATA[SuperSecretPassword!]]>
              </value>
            </param>
          </params>
          <reporter-output>
          </reporter-output>
        </test-method> <!-- loginTest -->
        <test-method is-config="true" signature="tearDown()[pri:0, instance:tests.LoginTest@1f3f4916]" started-at="2026-04-09T10:54:49 IST" name="tearDown" finished-at="2026-04-09T10:54:50 IST" duration-ms="179" status="PASS">
          <reporter-output>
          </reporter-output>
        </test-method> <!-- tearDown -->
        <test-method is-config="true" signature="setup()[pri:0, instance:tests.LoginTest@1f3f4916]" started-at="2026-04-09T10:54:50 IST" name="setup" finished-at="2026-04-09T10:54:54 IST" duration-ms="4213" status="PASS">
          <reporter-output>
          </reporter-output>
        </test-method> <!-- setup -->
        <test-method signature="loginTest(java.lang.String,java.lang.String)[pri:0, instance:tests.LoginTest@1f3f4916]" started-at="2026-04-09T10:54:54 IST" name="loginTest" data-provider="loginData" finished-at="2026-04-09T10:54:55 IST" duration-ms="814" status="PASS">
          <params>
            <param index="0">
              <value>
                <![CDATA[wronguser]]>
              </value>
            </param>
            <param index="1">
              <value>
                <![CDATA[wrongpass]]>
              </value>
            </param>
          </params>
          <reporter-output>
          </reporter-output>
        </test-method> <!-- loginTest -->
        <test-method is-config="true" signature="tearDown()[pri:0, instance:tests.LoginTest@1f3f4916]" started-at="2026-04-09T10:54:55 IST" name="tearDown" finished-at="2026-04-09T10:54:55 IST" duration-ms="212" status="PASS">
          <reporter-output>
          </reporter-output>
        </test-method> <!-- tearDown -->
      </class> <!-- tests.LoginTest -->
    </test> <!-- Surefire test -->
  </suite> <!-- Surefire suite -->
</testng-results>
