<?xml version="1.0" encoding="UTF-8"?>
<testng-results ignored="0" total="2" passed="2" failed="0" skipped="0">
  <reporter-output>
  </reporter-output>
  <suite started-at="2026-04-08T21:20:49 IST" name="Default suite" finished-at="2026-04-08T21:21:03 IST" duration-ms="13794">
    <groups>
    </groups>
    <test started-at="2026-04-08T21:20:49 IST" name="Default test" finished-at="2026-04-08T21:21:03 IST" duration-ms="13794">
      <class name="tests.LoginTest">
        <test-method is-config="true" signature="setup()[pri:0, instance:tests.LoginTest@36ebc363]" started-at="2026-04-08T21:20:50 IST" name="setup" finished-at="2026-04-08T21:20:57 IST" duration-ms="6434" status="PASS">
          <reporter-output>
          </reporter-output>
        </test-method> <!-- setup -->
        <test-method signature="loginTest(java.lang.String,java.lang.String)[pri:0, instance:tests.LoginTest@36ebc363]" started-at="2026-04-08T21:20:57 IST" name="loginTest" data-provider="loginData" finished-at="2026-04-08T21:20:57 IST" duration-ms="924" status="PASS">
          <params>
            <param index="0">
              <value>
                <![CDATA[tomsmith]]>
              </value>
            </param>
            <param index="1">
              <value>
                <![CDATA[SuperSecretPassword!]]>
              </value>
            </param>
          </params>
          <reporter-output>
          </reporter-output>
        </test-method> <!-- loginTest -->
        <test-method is-config="true" signature="tearDown()[pri:0, instance:tests.LoginTest@36ebc363]" started-at="2026-04-08T21:20:57 IST" name="tearDown" finished-at="2026-04-08T21:20:58 IST" duration-ms="271" status="PASS">
          <reporter-output>
          </reporter-output>
        </test-method> <!-- tearDown -->
        <test-method is-config="true" signature="setup()[pri:0, instance:tests.LoginTest@36ebc363]" started-at="2026-04-08T21:20:58 IST" name="setup" finished-at="2026-04-08T21:21:03 IST" duration-ms="4979" status="PASS">
          <reporter-output>
          </reporter-output>
        </test-method> <!-- setup -->
        <test-method signature="loginTest(java.lang.String,java.lang.String)[pri:0, instance:tests.LoginTest@36ebc363]" started-at="2026-04-08T21:21:03 IST" name="loginTest" data-provider="loginData" finished-at="2026-04-08T21:21:03 IST" duration-ms="245" status="PASS">
          <params>
            <param index="0">
              <value>
                <![CDATA[wronguser]]>
              </value>
            </param>
            <param index="1">
              <value>
                <![CDATA[wrongpass]]>
              </value>
            </param>
          </params>
          <reporter-output>
          </reporter-output>
        </test-method> <!-- loginTest -->
        <test-method is-config="true" signature="tearDown()[pri:0, instance:tests.LoginTest@36ebc363]" started-at="2026-04-08T21:21:03 IST" name="tearDown" finished-at="2026-04-08T21:21:03 IST" duration-ms="163" status="PASS">
          <reporter-output>
          </reporter-output>
        </test-method> <!-- tearDown -->
      </class> <!-- tests.LoginTest -->
    </test> <!-- Default test -->
  </suite> <!-- Default suite -->
</testng-results>
